<?xml version="1.0" encoding="utf-8"?>
<testsuites>
  <testsuite name="asuite">
    <testcase classname="aclass" name="test_only_adult_users_have_access" />
  </testsuite>
</testsuites>
